<?xml version="1.0" encoding="UTF-8"?>
<!-- Generated by org.testng.reporters.JUnitReportReporter -->
<testsuite skipped="0" hostname="LAPTOP-MU36A4M1" name="tests.Autosearchtest" tests="1" failures="0" timestamp="2021-01-29T21:34:49 EET" time="6.169" errors="0">
  <testcase name="userautosearchtest" time="6.169" classname="tests.Autosearchtest"/>
  <system-out/>
</testsuite> <!-- tests.Autosearchtest -->
