<?xml version="1.0" encoding="UTF-8"?>
<!-- Generated by org.testng.reporters.JUnitReportReporter -->
<testsuite skipped="0" hostname="LAPTOP-MU36A4M1" name="tests.Signintest" tests="1" failures="0" timestamp="2021-01-29T21:34:49 EET" time="12.524" errors="0">
  <testcase name="usersignintest" time="12.524" classname="tests.Signintest"/>
  <system-out/>
</testsuite> <!-- tests.Signintest -->
