<?xml version="1.0" encoding="UTF-8"?>
<!-- Generated by org.testng.reporters.JUnitReportReporter -->
<testsuite skipped="0" hostname="LAPTOP-MU36A4M1" name="tests.Registertest" tests="1" failures="0" timestamp="2021-01-29T21:34:49 EET" time="20.913" errors="0">
  <testcase name="userregistertest" time="20.913" classname="tests.Registertest"/>
  <system-out/>
</testsuite> <!-- tests.Registertest -->
